[Process ID: 10288] 2024-08-15T17:59:16.079Z [info]: OK STATUS, /listing GET REQUEST
[Process ID: 10288] 2024-08-15T17:59:16.084Z [info]: 2024-08-15T17:59:16.084Z GET /listing
[Process ID: 10288] 2024-08-15T17:59:20.203Z [info]: OK STATUS, /listing GET REQUEST
[Process ID: 10288] 2024-08-15T17:59:20.205Z [info]: 2024-08-15T17:59:20.205Z GET /listing
[Process ID: 10288] 2024-08-15T17:59:20.607Z [info]: OK STATUS, /listing GET REQUEST
[Process ID: 10288] 2024-08-15T17:59:20.608Z [info]: 2024-08-15T17:59:20.608Z GET /listing
[Process ID: 10288] 2024-08-15T17:59:20.944Z [info]: OK STATUS, /listing GET REQUEST
[Process ID: 10288] 2024-08-15T17:59:20.946Z [info]: 2024-08-15T17:59:20.946Z GET /listing
[Process ID: 10288] 2024-08-15T17:59:21.228Z [info]: OK STATUS, /listing GET REQUEST
[Process ID: 10288] 2024-08-15T17:59:21.231Z [info]: 2024-08-15T17:59:21.231Z GET /listing
[Process ID: 14592] 2024-08-15T20:45:29.060Z [info]: OK STATUS, /listing GET REQUEST
[Process ID: 14592] 2024-08-15T20:45:29.068Z [info]: 2024-08-15T20:45:29.068Z GET /listing
[Process ID: 14592] 2024-08-15T20:45:32.802Z [info]: OK STATUS, /listing GET REQUEST
[Process ID: 14592] 2024-08-15T20:45:32.803Z [info]: 2024-08-15T20:45:32.803Z GET /listing
[Process ID: 14592] 2024-08-15T20:46:13.504Z [info]: OK STATUS, /listing POST REQUEST
[Process ID: 14592] 2024-08-15T20:46:13.507Z [info]: 2024-08-15T20:46:13.507Z POST /listing
[Process ID: 14592] 2024-08-15T20:46:13.554Z [info]: OK STATUS, /listing GET REQUEST
[Process ID: 14592] 2024-08-15T20:46:13.556Z [info]: 2024-08-15T20:46:13.556Z GET /listing
[Process ID: 14592] 2024-08-15T20:46:13.773Z [info]: OK STATUS, /listing GET REQUEST
[Process ID: 14592] 2024-08-15T20:46:13.774Z [info]: 2024-08-15T20:46:13.774Z GET /listing
[Process ID: 14592] 2024-08-15T20:46:40.427Z [info]: OK STATUS, /listing GET REQUEST
[Process ID: 14592] 2024-08-15T20:46:40.429Z [info]: 2024-08-15T20:46:40.429Z GET /listing
[Process ID: 14592] 2024-08-15T20:46:54.341Z [info]: OK STATUS, /listing GET REQUEST
[Process ID: 14592] 2024-08-15T20:46:54.343Z [info]: 2024-08-15T20:46:54.343Z GET /listing
[Process ID: 14592] 2024-08-15T20:47:06.002Z [info]: OK STATUS, /listing GET REQUEST
[Process ID: 14592] 2024-08-15T20:47:06.004Z [info]: 2024-08-15T20:47:06.004Z GET /listing
[Process ID: 14592] 2024-08-15T20:47:07.146Z [info]: OK STATUS, /listing GET REQUEST
[Process ID: 14592] 2024-08-15T20:47:07.148Z [info]: 2024-08-15T20:47:07.148Z GET /listing
[Process ID: 21] 2024-08-15T21:04:21.053Z [info]: OK STATUS, /listing GET REQUEST
[Process ID: 21] 2024-08-15T21:04:21.059Z [info]: 2024-08-15T21:04:21.059Z GET /listing
[Process ID: 21] 2024-08-15T21:04:23.769Z [info]: OK STATUS, /listing GET REQUEST
[Process ID: 21] 2024-08-15T21:04:23.770Z [info]: 2024-08-15T21:04:23.770Z GET /listing
[Process ID: 21] 2024-08-15T21:04:26.474Z [info]: OK STATUS, /listing GET REQUEST
[Process ID: 21] 2024-08-15T21:04:26.475Z [info]: 2024-08-15T21:04:26.475Z GET /listing
[Process ID: 19] 2024-08-15T21:11:30.045Z [info]: OK STATUS, /listing GET REQUEST
[Process ID: 19] 2024-08-15T21:11:30.052Z [info]: 2024-08-15T21:11:30.052Z GET /listing
[Process ID: 19] 2024-08-15T21:11:41.364Z [info]: OK STATUS, /listing GET REQUEST
[Process ID: 19] 2024-08-15T21:11:41.366Z [info]: 2024-08-15T21:11:41.366Z GET /listing
[Process ID: 19] 2024-08-15T21:11:50.672Z [info]: OK STATUS, /listing GET REQUEST
[Process ID: 19] 2024-08-15T21:11:50.673Z [info]: 2024-08-15T21:11:50.673Z GET /listing
[Process ID: 19] 2024-08-15T21:12:01.535Z [info]: OK STATUS, /listing GET REQUEST
[Process ID: 19] 2024-08-15T21:12:01.536Z [info]: 2024-08-15T21:12:01.536Z GET /listing
[Process ID: 15956] 2024-08-15T23:00:40.171Z [info]: OK STATUS, /listing GET REQUEST
[Process ID: 15956] 2024-08-15T23:00:40.183Z [info]: 2024-08-15T23:00:40.183Z GET /listing
[Process ID: 15956] 2024-08-15T23:00:50.930Z [info]: OK STATUS, /listing GET REQUEST
[Process ID: 15956] 2024-08-15T23:00:50.933Z [info]: 2024-08-15T23:00:50.933Z GET /listing
[Process ID: 15956] 2024-08-15T23:00:58.700Z [info]: OK STATUS, /listing GET REQUEST
[Process ID: 15956] 2024-08-15T23:00:58.702Z [info]: 2024-08-15T23:00:58.702Z GET /listing
[Process ID: 15956] 2024-08-15T23:01:02.544Z [info]: OK STATUS, /listing GET REQUEST
[Process ID: 15956] 2024-08-15T23:01:02.545Z [info]: 2024-08-15T23:01:02.545Z GET /listing
[Process ID: 15956] 2024-08-15T23:01:24.344Z [info]: OK STATUS, /listing GET REQUEST
[Process ID: 15956] 2024-08-15T23:01:24.347Z [info]: 2024-08-15T23:01:24.347Z GET /listing
[Process ID: 15956] 2024-08-15T23:01:29.209Z [info]: OK STATUS, /listing GET REQUEST
[Process ID: 15956] 2024-08-15T23:01:29.210Z [info]: 2024-08-15T23:01:29.210Z GET /listing
[Process ID: 15956] 2024-08-15T23:01:34.194Z [info]: OK STATUS, /listing GET REQUEST
[Process ID: 15956] 2024-08-15T23:01:34.197Z [info]: 2024-08-15T23:01:34.197Z GET /listing
[Process ID: 15956] 2024-08-15T23:01:42.806Z [info]: OK STATUS, /listing GET REQUEST
[Process ID: 15956] 2024-08-15T23:01:42.807Z [info]: 2024-08-15T23:01:42.807Z GET /listing
[Process ID: 19] 2024-08-15T23:34:14.233Z [info]: OK STATUS, /listing GET REQUEST
[Process ID: 19] 2024-08-15T23:34:14.240Z [info]: 2024-08-15T23:34:14.239Z GET /listing
[Process ID: 20] 2024-08-15T23:37:35.604Z [info]: OK STATUS, /listing GET REQUEST
[Process ID: 20] 2024-08-15T23:37:35.615Z [info]: 2024-08-15T23:37:35.615Z GET /listing
[Process ID: 20] 2024-08-15T23:38:09.872Z [info]: OK STATUS, /listing GET REQUEST
[Process ID: 20] 2024-08-15T23:38:09.875Z [info]: 2024-08-15T23:38:09.874Z GET /listing
[Process ID: 20] 2024-08-15T23:38:10.173Z [info]: OK STATUS, /listing POST REQUEST
[Process ID: 20] 2024-08-15T23:38:10.176Z [info]: 2024-08-15T23:38:10.176Z POST /listing
[Process ID: 20] 2024-08-15T23:38:10.271Z [info]: OK STATUS, /listing GET REQUEST
[Process ID: 20] 2024-08-15T23:38:10.273Z [info]: 2024-08-15T23:38:10.272Z GET /listing
[Process ID: 20] 2024-08-15T23:38:36.615Z [info]: OK STATUS, /listing GET REQUEST
[Process ID: 20] 2024-08-15T23:38:36.617Z [info]: 2024-08-15T23:38:36.617Z GET /listing
[Process ID: 20] 2024-08-15T23:38:42.486Z [info]: OK STATUS, /listing GET REQUEST
[Process ID: 20] 2024-08-15T23:38:42.488Z [info]: 2024-08-15T23:38:42.488Z GET /listing
[Process ID: 20] 2024-08-15T23:38:50.387Z [info]: OK STATUS, /listing GET REQUEST
[Process ID: 20] 2024-08-15T23:38:50.388Z [info]: 2024-08-15T23:38:50.388Z GET /listing
[Process ID: 20] 2024-08-15T23:39:08.978Z [info]: OK STATUS, /listing GET REQUEST
[Process ID: 20] 2024-08-15T23:39:08.980Z [info]: 2024-08-15T23:39:08.980Z GET /listing
[Process ID: 19] 2024-08-16T03:07:43.666Z [info]: OK STATUS, /listing GET REQUEST
[Process ID: 19] 2024-08-16T03:07:43.680Z [info]: 2024-08-16T03:07:43.680Z GET /listing
[Process ID: 19] 2024-08-16T03:08:11.106Z [info]: OK STATUS, /listing POST REQUEST
[Process ID: 19] 2024-08-16T03:08:11.109Z [info]: 2024-08-16T03:08:11.109Z POST /listing
[Process ID: 19] 2024-08-16T03:08:11.397Z [info]: OK STATUS, /listing GET REQUEST
[Process ID: 19] 2024-08-16T03:08:11.400Z [info]: 2024-08-16T03:08:11.400Z GET /listing
[Process ID: 19] 2024-08-16T03:08:12.425Z [info]: OK STATUS, /listing GET REQUEST
[Process ID: 19] 2024-08-16T03:08:12.426Z [info]: 2024-08-16T03:08:12.426Z GET /listing
[Process ID: 19] 2024-08-16T03:08:36.178Z [info]: OK STATUS, /listing GET REQUEST
[Process ID: 19] 2024-08-16T03:08:36.182Z [info]: 2024-08-16T03:08:36.182Z GET /listing
[Process ID: 19] 2024-08-16T03:08:54.865Z [info]: OK STATUS, /listing GET REQUEST
[Process ID: 19] 2024-08-16T03:08:54.868Z [info]: 2024-08-16T03:08:54.868Z GET /listing
[Process ID: 19] 2024-08-16T03:09:18.815Z [info]: OK STATUS, /listing GET REQUEST
[Process ID: 19] 2024-08-16T03:09:18.818Z [info]: 2024-08-16T03:09:18.818Z GET /listing
[Process ID: 19] 2024-08-16T03:09:22.087Z [info]: OK STATUS, /listing/:id DELETE REQUEST
[Process ID: 19] 2024-08-16T03:09:22.088Z [info]: 2024-08-16T03:09:22.088Z DELETE /listing/122f963e
[Process ID: 19] 2024-08-16T03:09:22.137Z [info]: OK STATUS, /listing GET REQUEST
[Process ID: 19] 2024-08-16T03:09:22.140Z [info]: 2024-08-16T03:09:22.140Z GET /listing
[Process ID: 19] 2024-08-16T03:09:23.337Z [info]: OK STATUS, /listing/:id DELETE REQUEST
[Process ID: 19] 2024-08-16T03:09:23.338Z [info]: 2024-08-16T03:09:23.338Z DELETE /listing/c2e2b839
[Process ID: 19] 2024-08-16T03:09:23.388Z [info]: OK STATUS, /listing GET REQUEST
[Process ID: 19] 2024-08-16T03:09:23.390Z [info]: 2024-08-16T03:09:23.390Z GET /listing
[Process ID: 19] 2024-08-16T03:09:25.613Z [info]: OK STATUS, /listing/:id DELETE REQUEST
[Process ID: 19] 2024-08-16T03:09:25.615Z [info]: 2024-08-16T03:09:25.615Z DELETE /listing/7f65c900
[Process ID: 19] 2024-08-16T03:09:25.663Z [info]: OK STATUS, /listing GET REQUEST
[Process ID: 19] 2024-08-16T03:09:25.664Z [info]: 2024-08-16T03:09:25.664Z GET /listing
[Process ID: 19] 2024-08-16T03:09:26.454Z [info]: OK STATUS, /listing/:id DELETE REQUEST
[Process ID: 19] 2024-08-16T03:09:26.455Z [info]: 2024-08-16T03:09:26.455Z DELETE /listing/638530a6
[Process ID: 19] 2024-08-16T03:09:26.498Z [info]: OK STATUS, /listing GET REQUEST
[Process ID: 19] 2024-08-16T03:09:26.500Z [info]: 2024-08-16T03:09:26.500Z GET /listing
[Process ID: 19] 2024-08-16T03:09:27.259Z [info]: OK STATUS, /listing/:id DELETE REQUEST
[Process ID: 19] 2024-08-16T03:09:27.260Z [info]: 2024-08-16T03:09:27.260Z DELETE /listing/e9b0119b
[Process ID: 19] 2024-08-16T03:09:27.307Z [info]: OK STATUS, /listing GET REQUEST
[Process ID: 19] 2024-08-16T03:09:27.309Z [info]: 2024-08-16T03:09:27.309Z GET /listing
[Process ID: 19] 2024-08-16T03:09:32.079Z [info]: OK STATUS, /listing GET REQUEST
[Process ID: 19] 2024-08-16T03:09:32.080Z [info]: 2024-08-16T03:09:32.080Z GET /listing
