[Process ID: 16844] 2024-08-15T20:46:25.664Z [info]: OK STATUS, /reviews/:id GET REQUEST
[Process ID: 16844] 2024-08-15T20:46:25.676Z [info]: 2024-08-15T20:46:25.676Z GET /reviews/638530a6
[Process ID: 16844] 2024-08-15T20:46:37.698Z [info]: OK STATUS, /reviews POST REQUEST
[Process ID: 16844] 2024-08-15T20:46:37.701Z [info]: 2024-08-15T20:46:37.701Z POST /reviews
[Process ID: 16844] 2024-08-15T20:46:37.755Z [info]: OK STATUS, /reviews/:id GET REQUEST
[Process ID: 16844] 2024-08-15T20:46:37.757Z [info]: 2024-08-15T20:46:37.757Z GET /reviews/638530a6
[Process ID: 16844] 2024-08-15T20:46:43.552Z [info]: OK STATUS, /reviews/:id GET REQUEST
[Process ID: 16844] 2024-08-15T20:46:43.553Z [info]: 2024-08-15T20:46:43.553Z GET /reviews/122f963e
[Process ID: 16844] 2024-08-15T20:46:45.692Z [info]: OK STATUS, /reviews DELETE REQUEST
[Process ID: 16844] 2024-08-15T20:46:45.695Z [info]: 2024-08-15T20:46:45.695Z DELETE /reviews
[Process ID: 16844] 2024-08-15T20:46:45.754Z [info]: OK STATUS, /reviews/:id GET REQUEST
[Process ID: 16844] 2024-08-15T20:46:45.757Z [info]: 2024-08-15T20:46:45.757Z GET /reviews/122f963e
[Process ID: 6212] 2024-08-15T23:00:43.520Z [info]: OK STATUS, /reviews/:id GET REQUEST
[Process ID: 6212] 2024-08-15T23:00:43.531Z [info]: 2024-08-15T23:00:43.531Z GET /reviews/c2e2b839
[Process ID: 6212] 2024-08-15T23:00:54.297Z [info]: OK STATUS, /reviews/:id GET REQUEST
[Process ID: 6212] 2024-08-15T23:00:54.300Z [info]: 2024-08-15T23:00:54.300Z GET /reviews/638530a6
[Process ID: 6212] 2024-08-15T23:01:04.284Z [info]: OK STATUS, /reviews/:id GET REQUEST
[Process ID: 6212] 2024-08-15T23:01:04.288Z [info]: 2024-08-15T23:01:04.288Z GET /reviews/29a3edc8
[Process ID: 6212] 2024-08-15T23:01:21.000Z [info]: OK STATUS, /reviews POST REQUEST
[Process ID: 6212] 2024-08-15T23:01:21.001Z [info]: 2024-08-15T23:01:21.001Z POST /reviews
[Process ID: 6212] 2024-08-15T23:01:21.048Z [info]: OK STATUS, /reviews/:id GET REQUEST
[Process ID: 6212] 2024-08-15T23:01:21.050Z [info]: 2024-08-15T23:01:21.050Z GET /reviews/29a3edc8
[Process ID: 20] 2024-08-15T23:38:18.784Z [info]: OK STATUS, /reviews/:id GET REQUEST
[Process ID: 20] 2024-08-15T23:38:18.792Z [info]: 2024-08-15T23:38:18.792Z GET /reviews/122f963e
[Process ID: 20] 2024-08-15T23:38:28.469Z [info]: OK STATUS, /reviews POST REQUEST
[Process ID: 20] 2024-08-15T23:38:28.470Z [info]: 2024-08-15T23:38:28.470Z POST /reviews
[Process ID: 20] 2024-08-15T23:38:28.561Z [info]: OK STATUS, /reviews/:id GET REQUEST
[Process ID: 20] 2024-08-15T23:38:28.563Z [info]: 2024-08-15T23:38:28.563Z GET /reviews/122f963e
[Process ID: 20] 2024-08-15T23:38:30.541Z [info]: OK STATUS, /reviews DELETE REQUEST
[Process ID: 20] 2024-08-15T23:38:30.543Z [info]: 2024-08-15T23:38:30.543Z DELETE /reviews
[Process ID: 20] 2024-08-15T23:38:30.594Z [info]: OK STATUS, /reviews/:id GET REQUEST
[Process ID: 20] 2024-08-15T23:38:30.595Z [info]: 2024-08-15T23:38:30.595Z GET /reviews/122f963e
[Process ID: 20] 2024-08-15T23:38:38.089Z [info]: OK STATUS, /reviews/:id GET REQUEST
[Process ID: 20] 2024-08-15T23:38:38.090Z [info]: 2024-08-15T23:38:38.090Z GET /reviews/29a3edc8
[Process ID: 20] 2024-08-15T23:38:48.213Z [info]: OK STATUS, /reviews/:id GET REQUEST
[Process ID: 20] 2024-08-15T23:38:48.214Z [info]: 2024-08-15T23:38:48.214Z GET /reviews/e9b0119b
[Process ID: 20] 2024-08-16T03:08:20.037Z [info]: OK STATUS, /reviews/:id GET REQUEST
[Process ID: 20] 2024-08-16T03:08:20.051Z [info]: 2024-08-16T03:08:20.051Z GET /reviews/3472748c
[Process ID: 20] 2024-08-16T03:08:24.625Z [info]: OK STATUS, /reviews POST REQUEST
[Process ID: 20] 2024-08-16T03:08:24.627Z [info]: 2024-08-16T03:08:24.627Z POST /reviews
[Process ID: 20] 2024-08-16T03:08:24.677Z [info]: OK STATUS, /reviews/:id GET REQUEST
[Process ID: 20] 2024-08-16T03:08:24.679Z [info]: 2024-08-16T03:08:24.679Z GET /reviews/3472748c
[Process ID: 20] 2024-08-16T03:08:29.509Z [info]: OK STATUS, /reviews POST REQUEST
[Process ID: 20] 2024-08-16T03:08:29.510Z [info]: 2024-08-16T03:08:29.510Z POST /reviews
[Process ID: 20] 2024-08-16T03:08:29.574Z [info]: OK STATUS, /reviews/:id GET REQUEST
[Process ID: 20] 2024-08-16T03:08:29.577Z [info]: 2024-08-16T03:08:29.577Z GET /reviews/3472748c
[Process ID: 20] 2024-08-16T03:08:31.303Z [info]: OK STATUS, /reviews DELETE REQUEST
[Process ID: 20] 2024-08-16T03:08:31.304Z [info]: 2024-08-16T03:08:31.304Z DELETE /reviews
[Process ID: 20] 2024-08-16T03:08:31.350Z [info]: OK STATUS, /reviews/:id GET REQUEST
[Process ID: 20] 2024-08-16T03:08:31.352Z [info]: 2024-08-16T03:08:31.352Z GET /reviews/3472748c
[Process ID: 20] 2024-08-16T03:08:39.368Z [info]: OK STATUS, /reviews/:id GET REQUEST
[Process ID: 20] 2024-08-16T03:08:39.371Z [info]: 2024-08-16T03:08:39.371Z GET /reviews/122f963e
[Process ID: 20] 2024-08-16T03:08:48.465Z [info]: OK STATUS, /reviews POST REQUEST
[Process ID: 20] 2024-08-16T03:08:48.466Z [info]: 2024-08-16T03:08:48.466Z POST /reviews
[Process ID: 20] 2024-08-16T03:08:48.510Z [info]: OK STATUS, /reviews/:id GET REQUEST
[Process ID: 20] 2024-08-16T03:08:48.514Z [info]: 2024-08-16T03:08:48.514Z GET /reviews/122f963e
[Process ID: 20] 2024-08-16T03:08:50.498Z [info]: OK STATUS, /reviews DELETE REQUEST
[Process ID: 20] 2024-08-16T03:08:50.500Z [info]: 2024-08-16T03:08:50.500Z DELETE /reviews
[Process ID: 20] 2024-08-16T03:08:50.545Z [info]: OK STATUS, /reviews/:id GET REQUEST
[Process ID: 20] 2024-08-16T03:08:50.547Z [info]: 2024-08-16T03:08:50.547Z GET /reviews/122f963e
[Process ID: 20] 2024-08-16T03:08:51.452Z [info]: OK STATUS, /reviews DELETE REQUEST
[Process ID: 20] 2024-08-16T03:08:51.453Z [info]: 2024-08-16T03:08:51.453Z DELETE /reviews
[Process ID: 20] 2024-08-16T03:08:51.505Z [info]: OK STATUS, /reviews/:id GET REQUEST
[Process ID: 20] 2024-08-16T03:08:51.506Z [info]: 2024-08-16T03:08:51.506Z GET /reviews/122f963e
